#
# There is insufficient memory for the Java Runtime Environment to continue.
# Native memory allocation (mmap) failed to map 65536 bytes for Failed to commit metaspace.
# Possible reasons:
#   The system is out of physical RAM or swap space
#   The process is running with CompressedOops enabled, and the Java Heap may be blocking the growth of the native heap
# Possible solutions:
#   Reduce memory load on the system
#   Increase physical memory or swap space
#   Check if swap backing store is full
#   Decrease Java heap size (-Xmx/-Xms)
#   Decrease number of Java threads
#   Decrease Java thread stack sizes (-Xss)
#   Set larger code cache with -XX:ReservedCodeCacheSize=
#   JVM is running with Unscaled Compressed Oops mode in which the Java heap is
#     placed in the first 4GB address space. The Java Heap base address is the
#     maximum limit for the native heap growth. Please use -XX:HeapBaseMinAddress
#     to set the Java Heap base and to place the Java Heap above 4GB virtual address.
# This output file may be truncated or incomplete.
#
#  Out of Memory Error (virtualSpaceNode.cpp:112), pid=12512, tid=11548
#
# JRE version: Java(TM) SE Runtime Environment (21.0.2+13) (build 21.0.2+13-LTS-58)
# Java VM: Java HotSpot(TM) 64-Bit Server VM (21.0.2+13-LTS-58, mixed mode, sharing, tiered, compressed oops, compressed class ptrs, g1 gc, windows-amd64)
# No core dump will be written. Minidumps are not enabled by default on client versions of Windows
#

---------------  S U M M A R Y ------------

Command Line: -javaagent:C:\Program Files\JetBrains\IntelliJ IDEA Community Edition 2024.1\lib\idea_rt.jar=51621:C:\Program Files\JetBrains\IntelliJ IDEA Community Edition 2024.1\bin -Dfile.encoding=UTF-8 -Dsun.stdout.encoding=UTF-8 -Dsun.stderr.encoding=UTF-8 App

Host: AMD Athlon 300U with Radeon Vega Mobile Gfx    , 4 cores, 3G,  Windows 11 , 64 bit Build 22621 (10.0.22621.3235)
Time: Tue Apr 16 14:32:33 2024 SE Asia Standard Time elapsed time: 4.064284 seconds (0d 0h 0m 4s)

---------------  T H R E A D  ---------------

Current thread (0x0000027ddf13f700):  JavaThread "Attach Listener" daemon [_thread_in_vm, id=11548, stack(0x000000bbaac00000,0x000000bbaad00000) (1024K)]

Stack: [0x000000bbaac00000,0x000000bbaad00000]
Native frames: (J=compiled Java code, j=interpreted, Vv=VM code, C=native code)
V  [jvm.dll+0x6cade9]
V  [jvm.dll+0x8569c1]
V  [jvm.dll+0x858d2e]
V  [jvm.dll+0x859413]
V  [jvm.dll+0x280e56]
V  [jvm.dll+0x8526ee]
V  [jvm.dll+0x66e705]
V  [jvm.dll+0x1e68cc]
V  [jvm.dll+0x1e669e]
V  [jvm.dll+0x67104c]
V  [jvm.dll+0x670e62]
V  [jvm.dll+0x66f0de]
V  [jvm.dll+0x679347]
V  [jvm.dll+0x217b73]
V  [jvm.dll+0x2180b5]
V  [jvm.dll+0x218ad1]
V  [jvm.dll+0x20dd9e]
V  [jvm.dll+0x5ad3dc]
V  [jvm.dll+0x7cf5e6]
V  [jvm.dll+0x470270]
V  [jvm.dll+0x475ef8]
C  [java.dll+0x1959]

Java frames: (J=compiled Java code, j=interpreted, Vv=VM code)
j  java.lang.ClassLoader.defineClass2(Ljava/lang/ClassLoader;Ljava/lang/String;Ljava/nio/ByteBuffer;IILjava/security/ProtectionDomain;Ljava/lang/String;)Ljava/lang/Class;+0 java.base@21.0.2
j  java.lang.ClassLoader.defineClass(Ljava/lang/String;Ljava/nio/ByteBuffer;Ljava/security/ProtectionDomain;)Ljava/lang/Class;+93 java.base@21.0.2
j  java.security.SecureClassLoader.defineClass(Ljava/lang/String;Ljava/nio/ByteBuffer;Ljava/security/CodeSource;)Ljava/lang/Class;+8 java.base@21.0.2
j  jdk.internal.loader.BuiltinClassLoader.defineClass(Ljava/lang/String;Ljdk/internal/loader/BuiltinClassLoader$LoadedModule;)Ljava/lang/Class;+127 java.base@21.0.2
j  jdk.internal.loader.BuiltinClassLoader.findClassInModuleOrNull(Ljdk/internal/loader/BuiltinClassLoader$LoadedModule;Ljava/lang/String;)Ljava/lang/Class;+9 java.base@21.0.2
j  jdk.internal.loader.BuiltinClassLoader.findClass(Ljava/lang/String;Ljava/lang/String;)Ljava/lang/Class;+42 java.base@21.0.2
j  java.lang.ClassLoader.loadClass(Ljava/lang/Module;Ljava/lang/String;)Ljava/lang/Class;+26 java.base@21.0.2
j  java.lang.Class.forName(Ljava/lang/Module;Ljava/lang/String;Ljava/lang/Class;)Ljava/lang/Class;+77 java.base@21.0.2
j  java.lang.Class.forName(Ljava/lang/Module;Ljava/lang/String;)Ljava/lang/Class;+17 java.base@21.0.2
j  java.util.ServiceLoader.loadProvider(Ljdk/internal/module/ServicesCatalog$ServiceProvider;)Ljava/util/ServiceLoader$Provider;+38 java.base@21.0.2
j  java.util.ServiceLoader$ModuleServicesLookupIterator.hasNext()Z+79 java.base@21.0.2
j  java.util.ServiceLoader$2.hasNext()Z+4 java.base@21.0.2
j  java.util.ServiceLoader$3.hasNext()Z+32 java.base@21.0.2
j  sun.util.locale.provider.JRELocaleProviderAdapter.lambda$createSupportedLocaleString$13(Ljava/lang/String;)Ljava/lang/String;+19 java.base@21.0.2
j  sun.util.locale.provider.JRELocaleProviderAdapter$$Lambda+0x0000027d9f0e32c0.run()Ljava/lang/Object;+4 java.base@21.0.2
j  java.security.AccessController.executePrivileged(Ljava/security/PrivilegedExceptionAction;Ljava/security/AccessControlContext;Ljava/lang/Class;)Ljava/lang/Object;+29 java.base@21.0.2
j  java.security.AccessController.doPrivileged(Ljava/security/PrivilegedExceptionAction;)Ljava/lang/Object;+9 java.base@21.0.2
j  sun.util.locale.provider.JRELocaleProviderAdapter.createSupportedLocaleString(Ljava/lang/String;)Ljava/lang/String;+11 java.base@21.0.2
j  sun.util.locale.provider.JRELocaleProviderAdapter.createLanguageTagSet(Ljava/lang/String;)Ljava/util/Set;+1 java.base@21.0.2
j  sun.util.locale.provider.JRELocaleProviderAdapter.getLanguageTagSet(Ljava/lang/String;)Ljava/util/Set;+20 java.base@21.0.2
j  sun.util.locale.provider.JRELocaleProviderAdapter.lambda$getTimeZoneNameProvider$8()Ljava/util/spi/TimeZoneNameProvider;+12 java.base@21.0.2
j  sun.util.locale.provider.JRELocaleProviderAdapter$$Lambda+0x0000027d9f0e2e50.run()Ljava/lang/Object;+4 java.base@21.0.2
J 766 c1 java.security.AccessController.executePrivileged(Ljava/security/PrivilegedAction;Ljava/security/AccessControlContext;Ljava/lang/Class;)Ljava/lang/Object; java.base@21.0.2 (65 bytes) @ 0x0000027d8bbe584c [0x0000027d8bbe56e0+0x000000000000016c]
j  java.security.AccessController.doPrivileged(Ljava/security/PrivilegedAction;)Ljava/lang/Object;+5 java.base@21.0.2
j  sun.util.locale.provider.JRELocaleProviderAdapter.getTimeZoneNameProvider()Ljava/util/spi/TimeZoneNameProvider;+13 java.base@21.0.2
j  sun.util.locale.provider.JRELocaleProviderAdapter.getLocaleServiceProvider(Ljava/lang/Class;)Ljava/util/spi/LocaleServiceProvider;+417 java.base@21.0.2
j  sun.util.locale.provider.LocaleServiceProviderPool.findProviders(Ljava/util/Locale;Z)Ljava/util/List;+68 java.base@21.0.2
j  sun.util.locale.provider.LocaleServiceProviderPool.getLocalizedObjectImpl(Lsun/util/locale/provider/LocaleServiceProviderPool$LocalizedObjectGetter;Ljava/util/Locale;ZLjava/lang/String;[Ljava/lang/Object;)Ljava/lang/Object;+53 java.base@21.0.2
j  sun.util.locale.provider.LocaleServiceProviderPool.getLocalizedObject(Lsun/util/locale/provider/LocaleServiceProviderPool$LocalizedObjectGetter;Ljava/util/Locale;Ljava/lang/String;[Ljava/lang/Object;)Ljava/lang/Object;+7 java.base@21.0.2
j  sun.util.locale.provider.TimeZoneNameUtility.retrieveDisplayNamesImpl(Ljava/lang/String;Ljava/util/Locale;)[Ljava/lang/String;+140 java.base@21.0.2
j  sun.util.locale.provider.TimeZoneNameUtility.retrieveDisplayName(Ljava/lang/String;ZILjava/util/Locale;)Ljava/lang/String;+2 java.base@21.0.2
j  java.util.TimeZone.getDisplayName(ZILjava/util/Locale;)Ljava/lang/String;+47 java.base@21.0.2
j  java.util.Date.toString()Ljava/lang/String;+150 java.base@21.0.2
j  java.lang.String.valueOf(Ljava/lang/Object;)Ljava/lang/String;+11 java.base@21.0.2
j  java.lang.StringBuilder.append(Ljava/lang/Object;)Ljava/lang/StringBuilder;+2 java.base@21.0.2
j  java.util.Properties.writeDateComment(Ljava/io/BufferedWriter;)V+43 java.base@21.0.2
j  java.util.Properties.store0(Ljava/io/BufferedWriter;Ljava/lang/String;Z)V+10 java.base@21.0.2
j  java.util.Properties.store(Ljava/io/OutputStream;Ljava/lang/String;)V+21 java.base@21.0.2
j  jdk.internal.vm.VMSupport.serializePropertiesToByteArray(Ljava/util/Properties;)[B+14 java.base@21.0.2
j  jdk.internal.vm.VMSupport.serializeAgentPropertiesToByteArray()[B+6 java.base@21.0.2
v  ~StubRoutines::call_stub 0x0000027d92fe100d

Compiled method (c1)    4133  766       3       java.security.AccessController::executePrivileged (65 bytes)
 total in heap  [0x0000027d8bbe5510,0x0000027d8bbe5b08] = 1528
 relocation     [0x0000027d8bbe5670,0x0000027d8bbe56d8] = 104
 main code      [0x0000027d8bbe56e0,0x0000027d8bbe5990] = 688
 stub code      [0x0000027d8bbe5990,0x0000027d8bbe59e8] = 88
 metadata       [0x0000027d8bbe59e8,0x0000027d8bbe59f8] = 16
 scopes data    [0x0000027d8bbe59f8,0x0000027d8bbe5a70] = 120
 scopes pcs     [0x0000027d8bbe5a70,0x0000027d8bbe5af0] = 128
 dependencies   [0x0000027d8bbe5af0,0x0000027d8bbe5af8] = 8
 nul chk table  [0x0000027d8bbe5af8,0x0000027d8bbe5b08] = 16

[Constant Pool (empty)]

[MachCode]
[Verified Entry Point]
  # {method} {0x0000027d9e4788d0} 'executePrivileged' '(Ljava/security/PrivilegedAction;Ljava/security/AccessControlContext;Ljava/lang/Class;)Ljava/lang/Object;' in 'java/security/AccessController'
  # parm0:    rdx:rdx   = 'java/security/PrivilegedAction'
  # parm1:    r8:r8     = 'java/security/AccessControlContext'
  # parm2:    r9:r9     = 'java/lang/Class'
  #           [sp+0x50]  (sp of caller)
  0x0000027d8bbe56e0: 8984 2400 | 80ff ff55 | 4883 ec40 | 4181 7f20 | 0100 0000 

  0x0000027d8bbe56f4: ;   {runtime_call StubRoutines (final stubs)}
  0x0000027d8bbe56f4: 7405 e865 | f642 074c | 8944 2430 

  0x0000027d8bbe5700: ;   {metadata(method data for {method} {0x0000027d9e4788d0} 'executePrivileged' '(Ljava/security/PrivilegedAction;Ljava/security/AccessControlContext;Ljava/lang/Class;)Ljava/lang/Object;' in 'java/security/AccessController')}
  0x0000027d8bbe5700: 48be e8d9 | 12e0 7d02 | 0000 8bbe | cc00 0000 | 83c7 0289 | becc 0000 | 0081 e7fe | 0700 0085 
  0x0000027d8bbe5720: ff0f 84c7 | 0100 004d 

  0x0000027d8bbe5728: ;   {metadata(method data for {method} {0x0000027d9e4788d0} 'executePrivileged' '(Ljava/security/PrivilegedAction;Ljava/security/AccessControlContext;Ljava/lang/Class;)Ljava/lang/Object;' in 'java/security/AccessController')}
  0x0000027d8bbe5728: 85c0 48be | e8d9 12e0 | 7d02 0000 | 48bf 1001 | 0000 0000 | 0000 740a | 48bf 2001 | 0000 0000 
  0x0000027d8bbe5748: 0000 488b | 1c3e 488d | 5b01 4889 | 1c3e 4c89 | 4c24 2848 | 8954 2420 | 0f84 2600 

  0x0000027d8bbe5764: ;   {metadata(method data for {method} {0x0000027d9e4788d0} 'executePrivileged' '(Ljava/security/PrivilegedAction;Ljava/security/AccessControlContext;Ljava/lang/Class;)Ljava/lang/Object;' in 'java/security/AccessController')}
  0x0000027d8bbe5764: 0000 48be | e8d9 12e0 | 7d02 0000 | 4883 8630 | 0100 0001 | 498b d00f 

  0x0000027d8bbe577c: ;   {static_call}
  0x0000027d8bbe577c: 1f40 00e8 

  0x0000027d8bbe5780: ; ImmutableOopMap {[32]=Oop [40]=Oop [48]=Oop }
                      ;*invokestatic ensureMaterializedForStackWalk {reexecute=0 rethrow=0 return_oop=0}
                      ; - java.security.AccessController::executePrivileged@5 (line 774)
  0x0000027d8bbe5780: 2002 0000 

  0x0000027d8bbe5784: ;   {other}
  0x0000027d8bbe5784: 0f1f 8400 | 7402 0000 

  0x0000027d8bbe578c: ;   {metadata(method data for {method} {0x0000027d9e4788d0} 'executePrivileged' '(Ljava/security/PrivilegedAction;Ljava/security/AccessControlContext;Ljava/lang/Class;)Ljava/lang/Object;' in 'java/security/AccessController')}
  0x0000027d8bbe578c: 48ba e8d9 | 12e0 7d02 | 0000 ff82 | 4001 0000 | 488b 5424 | 2048 3b02 

  0x0000027d8bbe57a4: ;   {metadata(method data for {method} {0x0000027d9e4788d0} 'executePrivileged' '(Ljava/security/PrivilegedAction;Ljava/security/AccessControlContext;Ljava/lang/Class;)Ljava/lang/Object;' in 'java/security/AccessController')}
  0x0000027d8bbe57a4: 488b f248 | bfe8 d912 | e07d 0200 | 008b 7608 | 49ba 0000 | 009e 7d02 | 0000 4903 | f248 3bb7 
  0x0000027d8bbe57c4: b001 0000 | 750d 4883 | 87b8 0100 | 0001 e960 | 0000 0048 | 3bb7 c001 | 0000 750d | 4883 87c8 
  0x0000027d8bbe57e4: 0100 0001 | e94a 0000 | 0048 83bf | b001 0000 | 0075 1748 | 89b7 b001 | 0000 48c7 | 87b8 0100 
  0x0000027d8bbe5804: 0001 0000 | 00e9 2900 | 0000 4883 | bfc0 0100 | 0000 7517 | 4889 b7c0 | 0100 0048 | c787 c801 
  0x0000027d8bbe5824: 0000 0100 | 0000 e908 | 0000 0048 | 8387 a001 | 0000 0166 | 0f1f 4400 | 0048 b8d0 | 5847 e87d 
  0x0000027d8bbe5844: ;   {virtual_call}
  0x0000027d8bbe5844: 0200 00e8 

  0x0000027d8bbe5848: ; ImmutableOopMap {[40]=Oop [48]=Oop }
                      ;*invokeinterface run {reexecute=0 rethrow=0 return_oop=0}
                      ; - java.security.AccessController::executePrivileged@29 (line 778)
  0x0000027d8bbe5848: 4459 5107 

  0x0000027d8bbe584c: ;   {other}
  0x0000027d8bbe584c: 0f1f 8400 | 3c03 0001 

  0x0000027d8bbe5854: ;   {metadata(method data for {method} {0x0000027d9e4788d0} 'executePrivileged' '(Ljava/security/PrivilegedAction;Ljava/security/AccessControlContext;Ljava/lang/Class;)Ljava/lang/Object;' in 'java/security/AccessController')}
  0x0000027d8bbe5854: 48be e8d9 | 12e0 7d02 | 0000 ff86 | d801 0000 | 4c8b 4c24 

  0x0000027d8bbe5868: ;   {metadata(method data for {method} {0x0000027d9e4788d0} 'executePrivileged' '(Ljava/security/PrivilegedAction;Ljava/security/AccessControlContext;Ljava/lang/Class;)Ljava/lang/Object;' in 'java/security/AccessController')}
  0x0000027d8bbe5868: 2848 bee8 | d912 e07d | 0200 0048 | 8386 3802 

  0x0000027d8bbe5878: ;   {metadata(method data for {method} {0x0000027d9e03d400} 'reachabilityFence' '(Ljava/lang/Object;)V' in 'java/lang/ref/Reference')}
  0x0000027d8bbe5878: 0000 0148 | bea8 2511 | e07d 0200 | 008b becc | 0000 0083 | c702 89be | cc00 0000 | 81e7 feff 
  0x0000027d8bbe5898: 1f00 85ff | 0f84 7200 

  0x0000027d8bbe58a0: ;   {metadata(method data for {method} {0x0000027d9e4788d0} 'executePrivileged' '(Ljava/security/PrivilegedAction;Ljava/security/AccessControlContext;Ljava/lang/Class;)Ljava/lang/Object;' in 'java/security/AccessController')}
  0x0000027d8bbe58a0: 0000 48be | e8d9 12e0 | 7d02 0000 | 4883 8648 | 0200 0001 

  0x0000027d8bbe58b4: ;   {metadata(method data for {method} {0x0000027d9e03d400} 'reachabilityFence' '(Ljava/lang/Object;)V' in 'java/lang/ref/Reference')}
  0x0000027d8bbe58b4: 48be a825 | 11e0 7d02 | 0000 8bbe | cc00 0000 | 83c7 0289 | becc 0000 | 0081 e7fe | ff1f 0085 
  0x0000027d8bbe58d4: ff0f 845a | 0000 0048 | 83c4 405d 

  0x0000027d8bbe58e0: ;   {poll_return}
  0x0000027d8bbe58e0: 493b a750 | 0400 000f | 8766 0000 

  0x0000027d8bbe58ec: ;   {metadata({method} {0x0000027d9e4788d0} 'executePrivileged' '(Ljava/security/PrivilegedAction;Ljava/security/AccessControlContext;Ljava/lang/Class;)Ljava/lang/Object;' in 'java/security/AccessController')}
  0x0000027d8bbe58ec: 00c3 49ba | c888 479e | 7d02 0000 | 4c89 5424 | 0848 c704 | 24ff ffff 

  0x0000027d8bbe5904: ;   {runtime_call counter_overflow Runtime1 stub}
  0x0000027d8bbe5904: ffe8 76f7 

  0x0000027d8bbe5908: ; ImmutableOopMap {rdx=Oop r8=Oop r9=Oop [48]=Oop }
                      ;*synchronization entry
                      ; - java.security.AccessController::executePrivileged@-1 (line 773)
  0x0000027d8bbe5908: 5007 e918 

  0x0000027d8bbe590c: ;   {runtime_call throw_null_pointer_exception Runtime1 stub}
  0x0000027d8bbe590c: feff ffe8 

  0x0000027d8bbe5910: ; ImmutableOopMap {rdx=Oop [40]=Oop [48]=Oop }
                      ;*invokeinterface run {reexecute=0 rethrow=0 return_oop=0}
                      ; - java.security.AccessController::executePrivileged@29 (line 778)
  0x0000027d8bbe5910: 6ca6 5007 

  0x0000027d8bbe5914: ;   {metadata({method} {0x0000027d9e03d400} 'reachabilityFence' '(Ljava/lang/Object;)V' in 'java/lang/ref/Reference')}
  0x0000027d8bbe5914: 49ba f8d3 | 039e 7d02 | 0000 4c89 | 5424 0848 | c704 24ff 

  0x0000027d8bbe5928: ;   {runtime_call counter_overflow Runtime1 stub}
  0x0000027d8bbe5928: ffff ffe8 

  0x0000027d8bbe592c: ; ImmutableOopMap {rax=Oop r9=Oop }
                      ;*synchronization entry
                      ; - java.lang.ref.Reference::reachabilityFence@-1 (line 628)
                      ; - java.security.AccessController::executePrivileged@56 (line 783)
  0x0000027d8bbe592c: 50f7 5007 | e96d ffff 

  0x0000027d8bbe5934: ;   {metadata({method} {0x0000027d9e03d400} 'reachabilityFence' '(Ljava/lang/Object;)V' in 'java/lang/ref/Reference')}
  0x0000027d8bbe5934: ff49 baf8 | d303 9e7d | 0200 004c | 8954 2408 | 48c7 0424 | ffff ffff 

  0x0000027d8bbe594c: ;   {runtime_call counter_overflow Runtime1 stub}
  0x0000027d8bbe594c: e82f f750 

  0x0000027d8bbe5950: ; ImmutableOopMap {rax=Oop }
                      ;*synchronization entry
                      ; - java.lang.ref.Reference::reachabilityFence@-1 (line 628)
                      ; - java.security.AccessController::executePrivileged@60 (line 784)
                      ;   {internal_word}
  0x0000027d8bbe5950: 07eb 8849 | bae0 58be | 8b7d 0200 | 004d 8997 | 6804 0000 

  0x0000027d8bbe5964: ;   {runtime_call SafepointBlob}
  0x0000027d8bbe5964: e997 fd44 | 0749 8b87 | 0005 0000 | 49c7 8700 | 0500 0000 | 0000 0049 | c787 0805 | 0000 0000 
  0x0000027d8bbe5984: 0000 4883 

  0x0000027d8bbe5988: ;   {runtime_call unwind_exception Runtime1 stub}
  0x0000027d8bbe5988: c440 5de9 | 7092 5007 
[Stub Code]
  0x0000027d8bbe5990: ;   {no_reloc}
  0x0000027d8bbe5990: 0f1f 4400 

  0x0000027d8bbe5994: ;   {static_stub}
  0x0000027d8bbe5994: 0048 bb00 | 0000 0000 

  0x0000027d8bbe599c: ;   {runtime_call}
  0x0000027d8bbe599c: 0000 00e9 | fbff ffff 

  0x0000027d8bbe59a4: ;   {static_stub}
  0x0000027d8bbe59a4: 48bb f086 | 479e 7d02 

  0x0000027d8bbe59ac: ;   {runtime_call I2C/C2I adapters}
  0x0000027d8bbe59ac: 0000 e9b0 

  0x0000027d8bbe59b0: ;   {runtime_call handle_exception_from_callee Runtime1 stub}
  0x0000027d8bbe59b0: da44 07e8 | c8c3 5007 

  0x0000027d8bbe59b8: ;   {external_word}
  0x0000027d8bbe59b8: 48b9 0048 | 9a74 fc7f | 0000 4883 

  0x0000027d8bbe59c4: ;   {runtime_call}
  0x0000027d8bbe59c4: e4f0 48b8 | 4024 6274 | fc7f 0000 

  0x0000027d8bbe59d0: ;   {section_word}
  0x0000027d8bbe59d0: ffd0 f449 | bad3 59be | 8b7d 0200 

  0x0000027d8bbe59dc: ;   {runtime_call DeoptimizationBlob}
  0x0000027d8bbe59dc: 0041 52e9 | bcef 4407 | f4f4 f4f4 
[/MachCode]


---------------  P R O C E S S  ---------------

Threads class SMR info:
_java_thread_list=0x0000027de8482800, length=20, elements={
0x0000027ddf136cf0, 0x0000027ddf1379d0, 0x0000027ddf13cdd0, 0x0000027ddf13f700,
0x0000027ddf144650, 0x0000027ddf144e70, 0x0000027ddf145fb0, 0x0000027ddf14c780,
0x0000027ddf231090, 0x0000027ddf3944a0, 0x0000027ddf394b10, 0x0000027ddf48c840,
0x0000027ddf497760, 0x0000027de844abf0, 0x0000027de84f92a0, 0x0000027de937b3a0,
0x0000027de8783970, 0x0000027de87ba080, 0x0000027de88aa340, 0x0000027de88aa9d0
}

Java Threads: ( => current thread )
  0x0000027ddf136cf0 JavaThread "Reference Handler"          daemon [_thread_blocked, id=16536, stack(0x000000bbaa900000,0x000000bbaaa00000) (1024K)]
  0x0000027ddf1379d0 JavaThread "Finalizer"                  daemon [_thread_blocked, id=17248, stack(0x000000bbaaa00000,0x000000bbaab00000) (1024K)]
  0x0000027ddf13cdd0 JavaThread "Signal Dispatcher"          daemon [_thread_blocked, id=15364, stack(0x000000bbaab00000,0x000000bbaac00000) (1024K)]
=>0x0000027ddf13f700 JavaThread "Attach Listener"            daemon [_thread_in_vm, id=11548, stack(0x000000bbaac00000,0x000000bbaad00000) (1024K)]
  0x0000027ddf144650 JavaThread "Service Thread"             daemon [_thread_blocked, id=11956, stack(0x000000bbaad00000,0x000000bbaae00000) (1024K)]
  0x0000027ddf144e70 JavaThread "Monitor Deflation Thread"   daemon [_thread_blocked, id=12368, stack(0x000000bbaae00000,0x000000bbaaf00000) (1024K)]
  0x0000027ddf145fb0 JavaThread "C2 CompilerThread0"         daemon [_thread_blocked, id=16392, stack(0x000000bbaaf00000,0x000000bbab000000) (1024K)]
  0x0000027ddf14c780 JavaThread "C1 CompilerThread0"         daemon [_thread_blocked, id=16548, stack(0x000000bbab000000,0x000000bbab100000) (1024K)]
  0x0000027ddf231090 JavaThread "Common-Cleaner"             daemon [_thread_blocked, id=11296, stack(0x000000bbab100000,0x000000bbab200000) (1024K)]
  0x0000027ddf3944a0 JavaThread "Monitor Ctrl-Break"         daemon [_thread_in_native, id=17200, stack(0x000000bbab200000,0x000000bbab300000) (1024K)]
  0x0000027ddf394b10 JavaThread "Notification Thread"        daemon [_thread_blocked, id=10840, stack(0x000000bbab300000,0x000000bbab400000) (1024K)]
  0x0000027ddf48c840 JavaThread "Java2D Disposer"            daemon [_thread_blocked, id=6228, stack(0x000000bbab400000,0x000000bbab500000) (1024K)]
  0x0000027ddf497760 JavaThread "AWT-Windows"                daemon [_thread_in_native, id=16908, stack(0x000000bbab600000,0x000000bbab700000) (1024K)]
  0x0000027de844abf0 JavaThread "Image Fetcher 0"            daemon [_thread_blocked, id=3696, stack(0x000000bbabe00000,0x000000bbabf00000) (1024K)]
  0x0000027de84f92a0 JavaThread "Image Fetcher 1"            daemon [_thread_blocked, id=10148, stack(0x000000bbabf00000,0x000000bbac000000) (1024K)]
  0x0000027de937b3a0 JavaThread "TimerQueue"                 daemon [_thread_blocked, id=3596, stack(0x000000bbac300000,0x000000bbac400000) (1024K)]
  0x0000027de8783970 JavaThread "AWT-Shutdown"                      [_thread_blocked, id=196, stack(0x000000bbac400000,0x000000bbac500000) (1024K)]
  0x0000027de87ba080 JavaThread "AWT-EventQueue-0"                  [_thread_blocked, id=12152, stack(0x000000bbac500000,0x000000bbac600000) (1024K)]
  0x0000027de88aa340 JavaThread "DestroyJavaVM"                     [_thread_blocked, id=16864, stack(0x000000bbaa100000,0x000000bbaa200000) (1024K)]
  0x0000027de88aa9d0 JavaThread "D3D Screen Updater"         daemon [_thread_in_native, id=10248, stack(0x000000bbac600000,0x000000bbac700000) (1024K)]
Total: 20

Other Threads:
  0x0000027d8370dbb0 VMThread "VM Thread"                           [id=7344, stack(0x000000bbaa800000,0x000000bbaa900000) (1024K)]
  0x0000027ddf11da20 WatcherThread "VM Periodic Task Thread"        [id=1800, stack(0x000000bbaa700000,0x000000bbaa800000) (1024K)]
  0x0000027d8368c0d0 WorkerThread "GC Thread#0"                     [id=12436, stack(0x000000bbaa200000,0x000000bbaa300000) (1024K)]
  0x0000027de8835f40 WorkerThread "GC Thread#1"                     [id=16652, stack(0x000000bbab500000,0x000000bbab600000) (1024K)]
  0x0000027de8b3e830 WorkerThread "GC Thread#2"                     [id=17288, stack(0x000000bbac000000,0x000000bbac100000) (1024K)]
  0x0000027de8b3ebd0 WorkerThread "GC Thread#3"                     [id=17316, stack(0x000000bbac100000,0x000000bbac200000) (1024K)]
  0x0000027d83693eb0 ConcurrentGCThread "G1 Main Marker"            [id=10584, stack(0x000000bbaa300000,0x000000bbaa400000) (1024K)]
  0x0000027d83694b60 WorkerThread "G1 Conc#0"                       [id=7772, stack(0x000000bbaa400000,0x000000bbaa500000) (1024K)]
  0x0000027d836e91b0 ConcurrentGCThread "G1 Refine#0"               [id=10640, stack(0x000000bbaa500000,0x000000bbaa600000) (1024K)]
  0x0000027d836ea940 ConcurrentGCThread "G1 Service"                [id=17040, stack(0x000000bbaa600000,0x000000bbaa700000) (1024K)]
Total: 10

Threads with active compile tasks:
Total: 0

VM state: not at safepoint (normal execution)

VM Mutex/Monitor currently owned by a thread:  ([mutex/lock_event])
[0x00007ffc74c3ace8] Metaspace_lock - owner thread: 0x0000027ddf13f700

Heap address: 0x00000000c9000000, size: 880 MB, Compressed Oops mode: 32-bit

CDS archive(s) mapped at: [0x0000027d9e000000-0x0000027d9ec90000-0x0000027d9ec90000), size 13172736, SharedBaseAddress: 0x0000027d9e000000, ArchiveRelocationMode: 1.
Compressed class space mapped at: 0x0000027d9f000000-0x0000027ddf000000, reserved size: 1073741824
Narrow klass base: 0x0000027d9e000000, Narrow klass shift: 0, Narrow klass range: 0x100000000

GC Precious Log:
 CardTable entry size: 512
 Card Set container configuration: InlinePtr #cards 5 size 8 Array Of Cards #cards 12 size 40 Howl #buckets 4 coarsen threshold 1843 Howl Bitmap #cards 512 size 80 coarsen threshold 460 Card regions per heap region 1 cards per card region 2048
 CPUs: 4 total, 4 available
 Memory: 3514M
 Large Page Support: Disabled
 NUMA Support: Disabled
 Compressed Oops: Enabled (32-bit)
 Heap Region Size: 1M
 Heap Min Capacity: 8M
 Heap Initial Capacity: 56M
 Heap Max Capacity: 880M
 Pre-touch: Disabled
 Parallel Workers: 4
 Concurrent Workers: 1
 Concurrent Refinement Workers: 4
 Periodic GC: Disabled

Heap:
 garbage-first heap   total 57344K, used 23471K [0x00000000c9000000, 0x0000000100000000)
  region size 1024K, 10 young (10240K), 2 survivors (2048K)
 Metaspace       used 7131K, committed 7360K, reserved 1114112K
  class space    used 754K, committed 896K, reserved 1048576K

Heap Regions: E=young(eden), S=young(survivor), O=old, HS=humongous(starts), HC=humongous(continues), CS=collection set, F=free, TAMS=top-at-mark-start, PB=parsable bottom
|   0|0x00000000c9000000, 0x00000000c9100000, 0x00000000c9100000|100%|HS|  |TAMS 0x00000000c9000000| PB 0x00000000c9000000| Complete 
|   1|0x00000000c9100000, 0x00000000c9200000, 0x00000000c9200000|100%|HS|  |TAMS 0x00000000c9100000| PB 0x00000000c9100000| Complete 
|   2|0x00000000c9200000, 0x00000000c9300000, 0x00000000c9300000|100%|HC|  |TAMS 0x00000000c9200000| PB 0x00000000c9200000| Complete 
|   3|0x00000000c9300000, 0x00000000c9400000, 0x00000000c9400000|100%|HC|  |TAMS 0x00000000c9300000| PB 0x00000000c9300000| Complete 
|   4|0x00000000c9400000, 0x00000000c9500000, 0x00000000c9500000|100%|HC|  |TAMS 0x00000000c9400000| PB 0x00000000c9400000| Complete 
|   5|0x00000000c9500000, 0x00000000c9600000, 0x00000000c9600000|100%|HC|  |TAMS 0x00000000c9500000| PB 0x00000000c9500000| Complete 
|   6|0x00000000c9600000, 0x00000000c96ebea0, 0x00000000c9700000| 92%| O|  |TAMS 0x00000000c9600000| PB 0x00000000c9600000| Untracked 
|   7|0x00000000c9700000, 0x00000000c9800000, 0x00000000c9800000|100%|HS|  |TAMS 0x00000000c9700000| PB 0x00000000c9700000| Complete 
|   8|0x00000000c9800000, 0x00000000c9900000, 0x00000000c9900000|100%|HC|  |TAMS 0x00000000c9800000| PB 0x00000000c9800000| Complete 
|   9|0x00000000c9900000, 0x00000000c9a00000, 0x00000000c9a00000|100%|HC|  |TAMS 0x00000000c9900000| PB 0x00000000c9900000| Complete 
|  10|0x00000000c9a00000, 0x00000000c9b00000, 0x00000000c9b00000|100%|HC|  |TAMS 0x00000000c9a00000| PB 0x00000000c9a00000| Complete 
|  11|0x00000000c9b00000, 0x00000000c9c00000, 0x00000000c9c00000|100%|HC|  |TAMS 0x00000000c9b00000| PB 0x00000000c9b00000| Complete 
|  12|0x00000000c9c00000, 0x00000000c9d00000, 0x00000000c9d00000|100%|HS|  |TAMS 0x00000000c9c00000| PB 0x00000000c9c00000| Complete 
|  13|0x00000000c9d00000, 0x00000000c9e00000, 0x00000000c9e00000|100%|HC|  |TAMS 0x00000000c9d00000| PB 0x00000000c9d00000| Complete 
|  14|0x00000000c9e00000, 0x00000000c9e00000, 0x00000000c9f00000|  0%| F|  |TAMS 0x00000000c9e00000| PB 0x00000000c9e00000| Untracked 
|  15|0x00000000c9f00000, 0x00000000c9f00000, 0x00000000ca000000|  0%| F|  |TAMS 0x00000000c9f00000| PB 0x00000000c9f00000| Untracked 
|  16|0x00000000ca000000, 0x00000000ca000000, 0x00000000ca100000|  0%| F|  |TAMS 0x00000000ca000000| PB 0x00000000ca000000| Untracked 
|  17|0x00000000ca100000, 0x00000000ca100000, 0x00000000ca200000|  0%| F|  |TAMS 0x00000000ca100000| PB 0x00000000ca100000| Untracked 
|  18|0x00000000ca200000, 0x00000000ca200000, 0x00000000ca300000|  0%| F|  |TAMS 0x00000000ca200000| PB 0x00000000ca200000| Untracked 
|  19|0x00000000ca300000, 0x00000000ca300000, 0x00000000ca400000|  0%| F|  |TAMS 0x00000000ca300000| PB 0x00000000ca300000| Untracked 
|  20|0x00000000ca400000, 0x00000000ca400000, 0x00000000ca500000|  0%| F|  |TAMS 0x00000000ca400000| PB 0x00000000ca400000| Untracked 
|  21|0x00000000ca500000, 0x00000000ca500000, 0x00000000ca600000|  0%| F|  |TAMS 0x00000000ca500000| PB 0x00000000ca500000| Untracked 
|  22|0x00000000ca600000, 0x00000000ca600000, 0x00000000ca700000|  0%| F|  |TAMS 0x00000000ca600000| PB 0x00000000ca600000| Untracked 
|  23|0x00000000ca700000, 0x00000000ca700000, 0x00000000ca800000|  0%| F|  |TAMS 0x00000000ca700000| PB 0x00000000ca700000| Untracked 
|  24|0x00000000ca800000, 0x00000000ca800000, 0x00000000ca900000|  0%| F|  |TAMS 0x00000000ca800000| PB 0x00000000ca800000| Untracked 
|  25|0x00000000ca900000, 0x00000000ca900000, 0x00000000caa00000|  0%| F|  |TAMS 0x00000000ca900000| PB 0x00000000ca900000| Untracked 
|  26|0x00000000caa00000, 0x00000000caa00000, 0x00000000cab00000|  0%| F|  |TAMS 0x00000000caa00000| PB 0x00000000caa00000| Untracked 
|  27|0x00000000cab00000, 0x00000000cab00000, 0x00000000cac00000|  0%| F|  |TAMS 0x00000000cab00000| PB 0x00000000cab00000| Untracked 
|  28|0x00000000cac00000, 0x00000000cac00000, 0x00000000cad00000|  0%| F|  |TAMS 0x00000000cac00000| PB 0x00000000cac00000| Untracked 
|  29|0x00000000cad00000, 0x00000000cad00000, 0x00000000cae00000|  0%| F|  |TAMS 0x00000000cad00000| PB 0x00000000cad00000| Untracked 
|  30|0x00000000cae00000, 0x00000000cae00000, 0x00000000caf00000|  0%| F|  |TAMS 0x00000000cae00000| PB 0x00000000cae00000| Untracked 
|  31|0x00000000caf00000, 0x00000000caf00000, 0x00000000cb000000|  0%| F|  |TAMS 0x00000000caf00000| PB 0x00000000caf00000| Untracked 
|  32|0x00000000cb000000, 0x00000000cb000000, 0x00000000cb100000|  0%| F|  |TAMS 0x00000000cb000000| PB 0x00000000cb000000| Untracked 
|  33|0x00000000cb100000, 0x00000000cb100000, 0x00000000cb200000|  0%| F|  |TAMS 0x00000000cb100000| PB 0x00000000cb100000| Untracked 
|  34|0x00000000cb200000, 0x00000000cb200000, 0x00000000cb300000|  0%| F|  |TAMS 0x00000000cb200000| PB 0x00000000cb200000| Untracked 
|  35|0x00000000cb300000, 0x00000000cb300000, 0x00000000cb400000|  0%| F|  |TAMS 0x00000000cb300000| PB 0x00000000cb300000| Untracked 
|  36|0x00000000cb400000, 0x00000000cb400000, 0x00000000cb500000|  0%| F|  |TAMS 0x00000000cb400000| PB 0x00000000cb400000| Untracked 
|  37|0x00000000cb500000, 0x00000000cb500000, 0x00000000cb600000|  0%| F|  |TAMS 0x00000000cb500000| PB 0x00000000cb500000| Untracked 
|  38|0x00000000cb600000, 0x00000000cb600000, 0x00000000cb700000|  0%| F|  |TAMS 0x00000000cb600000| PB 0x00000000cb600000| Untracked 
|  39|0x00000000cb700000, 0x00000000cb700000, 0x00000000cb800000|  0%| F|  |TAMS 0x00000000cb700000| PB 0x00000000cb700000| Untracked 
|  40|0x00000000cb800000, 0x00000000cb800000, 0x00000000cb900000|  0%| F|  |TAMS 0x00000000cb800000| PB 0x00000000cb800000| Untracked 
|  41|0x00000000cb900000, 0x00000000cba00000, 0x00000000cba00000|100%| S|CS|TAMS 0x00000000cb900000| PB 0x00000000cb900000| Complete 
|  42|0x00000000cba00000, 0x00000000cbb00000, 0x00000000cbb00000|100%| S|CS|TAMS 0x00000000cba00000| PB 0x00000000cba00000| Complete 
|  43|0x00000000cbb00000, 0x00000000cbb00000, 0x00000000cbc00000|  0%| F|  |TAMS 0x00000000cbb00000| PB 0x00000000cbb00000| Untracked 
|  44|0x00000000cbc00000, 0x00000000cbc00000, 0x00000000cbd00000|  0%| F|  |TAMS 0x00000000cbc00000| PB 0x00000000cbc00000| Untracked 
|  45|0x00000000cbd00000, 0x00000000cbd00000, 0x00000000cbe00000|  0%| F|  |TAMS 0x00000000cbd00000| PB 0x00000000cbd00000| Untracked 
|  46|0x00000000cbe00000, 0x00000000cbe00000, 0x00000000cbf00000|  0%| F|  |TAMS 0x00000000cbe00000| PB 0x00000000cbe00000| Untracked 
|  47|0x00000000cbf00000, 0x00000000cbf00000, 0x00000000cc000000|  0%| F|  |TAMS 0x00000000cbf00000| PB 0x00000000cbf00000| Untracked 
|  48|0x00000000cc000000, 0x00000000cc038d68, 0x00000000cc100000| 22%| E|  |TAMS 0x00000000cc000000| PB 0x00000000cc000000| Complete 
|  49|0x00000000cc100000, 0x00000000cc200000, 0x00000000cc200000|100%| E|CS|TAMS 0x00000000cc100000| PB 0x00000000cc100000| Complete 
|  50|0x00000000cc200000, 0x00000000cc300000, 0x00000000cc300000|100%| E|CS|TAMS 0x00000000cc200000| PB 0x00000000cc200000| Complete 
|  51|0x00000000cc300000, 0x00000000cc400000, 0x00000000cc400000|100%| E|CS|TAMS 0x00000000cc300000| PB 0x00000000cc300000| Complete 
|  52|0x00000000cc400000, 0x00000000cc500000, 0x00000000cc500000|100%| E|CS|TAMS 0x00000000cc400000| PB 0x00000000cc400000| Complete 
|  53|0x00000000cc500000, 0x00000000cc600000, 0x00000000cc600000|100%| E|CS|TAMS 0x00000000cc500000| PB 0x00000000cc500000| Complete 
|  54|0x00000000cc600000, 0x00000000cc700000, 0x00000000cc700000|100%| E|CS|TAMS 0x00000000cc600000| PB 0x00000000cc600000| Complete 
|  55|0x00000000cc700000, 0x00000000cc800000, 0x00000000cc800000|100%| E|CS|TAMS 0x00000000cc700000| PB 0x00000000cc700000| Complete 

Card table byte_map: [0x0000027d9aab0000,0x0000027d9ac70000] _byte_map_base: 0x0000027d9a468000

Marking Bits: (CMBitMap*) 0x0000027d8368c7d0
 Bits: [0x0000027d9ac70000, 0x0000027d9ba30000)

Polling page: 0x0000027d815f0000

Metaspace:

Usage:
  Non-class:      6.23 MB used.
      Class:    754.99 KB used.
       Both:      6.96 MB used.

Virtual space:
  Non-class space:       64.00 MB reserved,       6.31 MB ( 10%) committed,  1 nodes.
      Class space:        1.00 GB reserved,     896.00 KB ( <1%) committed,  1 nodes.
             Both:        1.06 GB reserved,       7.19 MB ( <1%) committed. 

Chunk freelists:
   Non-Class:  9.00 MB
       Class:  15.11 MB
        Both:  24.10 MB

MaxMetaspaceSize: unlimited
CompressedClassSpaceSize: 1.00 GB
Initial GC threshold: 21.00 MB
Current GC threshold: 21.00 MB
CDS: on
 - commit_granule_bytes: 65536.
 - commit_granule_words: 8192.
 - virtual_space_node_default_size: 8388608.
 - enlarge_chunks_in_place: 1.
 - use_allocation_guard: 0.


Internal statistics:

num_allocs_failed_limit: 0.
num_arena_births: 166.
num_arena_deaths: 0.
num_vsnodes_births: 2.
num_vsnodes_deaths: 0.
num_space_committed: 115.
num_space_uncommitted: 0.
num_chunks_returned_to_freelist: 0.
num_chunks_taken_from_freelist: 211.
num_chunk_merges: 0.
num_chunk_splits: 128.
num_chunks_enlarged: 53.
num_inconsistent_stats: 0.

CodeHeap 'non-profiled nmethods': size=120000Kb used=407Kb max_used=407Kb free=119592Kb
 bounds [0x0000027d93580000, 0x0000027d937f0000, 0x0000027d9aab0000]
CodeHeap 'profiled nmethods': size=120000Kb used=1633Kb max_used=1633Kb free=118366Kb
 bounds [0x0000027d8bab0000, 0x0000027d8bd20000, 0x0000027d92fe0000]
CodeHeap 'non-nmethods': size=5760Kb used=1540Kb max_used=1556Kb free=4219Kb
 bounds [0x0000027d92fe0000, 0x0000027d93250000, 0x0000027d93580000]
 total_blobs=1569 nmethods=958 adapters=516
 compilation: enabled
              stopped_count=0, restarted_count=0
 full_count=0

Compilation events (20 events):
Event: 3.521 Thread 0x0000027ddf14c780  947       1       javax.swing.Timer::getLock (5 bytes)
Event: 3.521 Thread 0x0000027ddf14c780 nmethod 947 0x0000027d935e2b10 code [0x0000027d935e2ca0, 0x0000027d935e2d68]
Event: 3.606 Thread 0x0000027ddf14c780  948       1       java.awt.AWTEvent::getID (5 bytes)
Event: 3.607 Thread 0x0000027ddf14c780 nmethod 948 0x0000027d935e2e10 code [0x0000027d935e2fa0, 0x0000027d935e3068]
Event: 3.607 Thread 0x0000027ddf14c780  949       3       java.util.ArrayList::get (15 bytes)
Event: 3.607 Thread 0x0000027ddf14c780 nmethod 949 0x0000027d8bc43410 code [0x0000027d8bc435c0, 0x0000027d8bc43818]
Event: 3.607 Thread 0x0000027ddf14c780  950       3       java.util.Objects::checkIndex (7 bytes)
Event: 3.607 Thread 0x0000027ddf14c780 nmethod 950 0x0000027d8bc43990 code [0x0000027d8bc43b40, 0x0000027d8bc43c78]
Event: 3.607 Thread 0x0000027ddf14c780  951   !   3       jdk.internal.logger.LazyLoggers$LazyLoggerAccessor::platform (107 bytes)
Event: 3.608 Thread 0x0000027ddf14c780 nmethod 951 0x0000027d8bc43d10 code [0x0000027d8bc43f60, 0x0000027d8bc44c50]
Event: 3.640 Thread 0x0000027ddf145fb0  952       4       java.util.concurrent.locks.ReentrantLock::lock (8 bytes)
Event: 3.645 Thread 0x0000027ddf145fb0 nmethod 952 0x0000027d935e3110 code [0x0000027d935e32c0, 0x0000027d935e3560]
Event: 3.693 Thread 0x0000027ddf14c780  953       3       java.lang.Thread::interrupted (7 bytes)
Event: 3.694 Thread 0x0000027ddf14c780 nmethod 953 0x0000027d8bc44f90 code [0x0000027d8bc45140, 0x0000027d8bc453a8]
Event: 3.694 Thread 0x0000027ddf14c780  954       3       java.lang.Thread::getAndClearInterrupt (19 bytes)
Event: 3.694 Thread 0x0000027ddf14c780 nmethod 954 0x0000027d8bc45490 code [0x0000027d8bc45640, 0x0000027d8bc457c8]
Event: 3.876 Thread 0x0000027ddf14c780  955       3       java.lang.Thread::isVirtual (5 bytes)
Event: 3.876 Thread 0x0000027ddf14c780 nmethod 955 0x0000027d8bc45890 code [0x0000027d8bc45a40, 0x0000027d8bc45c48]
Event: 4.055 Thread 0x0000027ddf145fb0  956       4       java.util.regex.Matcher::search (154 bytes)
Event: 4.057 Thread 0x0000027ddf14c780  959       3       java.lang.invoke.DirectMethodHandle::make (275 bytes)

GC Heap History (2 events):
Event: 2.693 GC heap before
{Heap before GC invocations=0 (full 0):
 garbage-first heap   total 57344K, used 19456K [0x00000000c9000000, 0x0000000100000000)
  region size 1024K, 13 young (13312K), 0 survivors (0K)
 Metaspace       used 5391K, committed 5632K, reserved 1114112K
  class space    used 540K, committed 640K, reserved 1048576K
}
Event: 2.744 GC heap after
{Heap after GC invocations=1 (full 0):
 garbage-first heap   total 57344K, used 9135K [0x00000000c9000000, 0x0000000100000000)
  region size 1024K, 2 young (2048K), 2 survivors (2048K)
 Metaspace       used 5391K, committed 5632K, reserved 1114112K
  class space    used 540K, committed 640K, reserved 1048576K
}

Dll operation events (13 events):
Event: 0.030 Loaded shared library C:\Program Files\Java\jdk-21\bin\java.dll
Event: 0.091 Loaded shared library C:\Program Files\Java\jdk-21\bin\jsvml.dll
Event: 0.195 Loaded shared library C:\Program Files\Java\jdk-21\bin\zip.dll
Event: 0.208 Loaded shared library C:\Program Files\Java\jdk-21\bin\instrument.dll
Event: 0.219 Loaded shared library C:\Program Files\Java\jdk-21\bin\net.dll
Event: 0.223 Loaded shared library C:\Program Files\Java\jdk-21\bin\nio.dll
Event: 0.233 Loaded shared library C:\Program Files\Java\jdk-21\bin\zip.dll
Event: 0.267 Loaded shared library C:\Program Files\JetBrains\IntelliJ IDEA Community Edition 2024.1\bin\breakgen64.dll
Event: 0.294 Loaded shared library C:\Program Files\Java\jdk-21\bin\extnet.dll
Event: 0.310 Loaded shared library C:\Program Files\Java\jdk-21\bin\jimage.dll
Event: 0.403 Loaded shared library C:\Program Files\Java\jdk-21\bin\awt.dll
Event: 3.227 Loaded shared library C:\Program Files\Java\jdk-21\bin\freetype.dll
Event: 3.237 Loaded shared library C:\Program Files\Java\jdk-21\bin\fontmanager.dll

Deoptimization events (20 events):
Event: 2.132 Thread 0x0000027de84f92a0 DEOPT PACKING pc=0x0000027d8bc0cdad sp=0x000000bbabfff040
Event: 2.133 Thread 0x0000027de84f92a0 DEOPT UNPACKING pc=0x0000027d93034e42 sp=0x000000bbabffe4b0 mode 0
Event: 2.133 Thread 0x0000027de84f92a0 DEOPT PACKING pc=0x0000027d8bc0cdad sp=0x000000bbabfff040
Event: 2.133 Thread 0x0000027de84f92a0 DEOPT UNPACKING pc=0x0000027d93034e42 sp=0x000000bbabffe4b0 mode 0
Event: 2.133 Thread 0x0000027de84f92a0 DEOPT PACKING pc=0x0000027d8bc0cdad sp=0x000000bbabfff040
Event: 2.133 Thread 0x0000027de84f92a0 DEOPT UNPACKING pc=0x0000027d93034e42 sp=0x000000bbabffe4b0 mode 0
Event: 2.137 Thread 0x0000027de84f92a0 DEOPT PACKING pc=0x0000027d8bc0cdad sp=0x000000bbabfff040
Event: 2.142 Thread 0x0000027de84f92a0 DEOPT UNPACKING pc=0x0000027d93034e42 sp=0x000000bbabffe4b0 mode 0
Event: 2.784 Thread 0x0000027de844abf0 DEOPT PACKING pc=0x0000027d8bbdd62d sp=0x000000bbabeff320
Event: 2.784 Thread 0x0000027de844abf0 DEOPT UNPACKING pc=0x0000027d93034e42 sp=0x000000bbabefe7c0 mode 0
Event: 2.784 Thread 0x0000027de844abf0 Uncommon trap: trap_request=0xffffff6e fr.pc=0x0000027d935c749c relative=0x00000000000050fc
Event: 2.784 Thread 0x0000027de844abf0 Uncommon trap: reason=loop_limit_check action=maybe_recompile pc=0x0000027d935c749c method=sun.awt.image.PNGImageDecoder.produceImage()V @ 731 c2
Event: 2.784 Thread 0x0000027de844abf0 DEOPT PACKING pc=0x0000027d935c749c sp=0x000000bbabeff460
Event: 2.784 Thread 0x0000027de844abf0 DEOPT UNPACKING pc=0x0000027d930346a2 sp=0x000000bbabeff3d0 mode 2
Event: 3.265 Thread 0x0000027d83658350 Uncommon trap: trap_request=0xffffff45 fr.pc=0x0000027d935abe74 relative=0x00000000000001d4
Event: 3.265 Thread 0x0000027d83658350 Uncommon trap: reason=unstable_if action=reinterpret pc=0x0000027d935abe74 method=java.lang.StringUTF16.compress([CI[BII)I @ 20 c2
Event: 3.265 Thread 0x0000027d83658350 DEOPT PACKING pc=0x0000027d935abe74 sp=0x000000bbaa1fda50
Event: 3.265 Thread 0x0000027d83658350 DEOPT UNPACKING pc=0x0000027d930346a2 sp=0x000000bbaa1fd9c0 mode 2
Event: 3.312 Thread 0x0000027d83658350 DEOPT PACKING pc=0x0000027d8badab78 sp=0x000000bbaa1fdb60
Event: 3.312 Thread 0x0000027d83658350 DEOPT UNPACKING pc=0x0000027d93034e42 sp=0x000000bbaa1fcf80 mode 0

Classes loaded (20 events):
Event: 3.606 Loading class java/awt/KeyboardFocusManager$LightweightFocusRequest
Event: 3.606 Loading class java/awt/KeyboardFocusManager$LightweightFocusRequest done
Event: 4.049 Loading class jdk/internal/vm/VMSupport
Event: 4.049 Loading class jdk/internal/vm/VMSupport done
Event: 4.050 Loading class sun/nio/cs/ISO_8859_1$Encoder
Event: 4.050 Loading class sun/nio/cs/ISO_8859_1$Encoder done
Event: 4.050 Loading class sun/nio/cs/Surrogate$Parser
Event: 4.051 Loading class sun/nio/cs/Surrogate$Parser done
Event: 4.051 Loading class sun/nio/cs/Surrogate
Event: 4.051 Loading class sun/nio/cs/Surrogate done
Event: 4.052 Loading class sun/util/locale/provider/TimeZoneNameUtility
Event: 4.052 Loading class sun/util/locale/provider/TimeZoneNameUtility done
Event: 4.053 Loading class sun/util/locale/provider/TimeZoneNameUtility$TimeZoneNameGetter
Event: 4.053 Loading class sun/util/locale/provider/TimeZoneNameUtility$TimeZoneNameGetter done
Event: 4.054 Loading class sun/util/cldr/CLDRTimeZoneNameProviderImpl
Event: 4.054 Loading class sun/util/locale/provider/TimeZoneNameProviderImpl
Event: 4.055 Loading class sun/util/locale/provider/TimeZoneNameProviderImpl done
Event: 4.055 Loading class sun/util/cldr/CLDRTimeZoneNameProviderImpl done
Event: 4.058 Loading class sun/util/locale/provider/BaseLocaleDataMetaInfo
Event: 4.058 Loading class sun/util/locale/provider/BaseLocaleDataMetaInfo done

Classes unloaded (0 events):
No events

Classes redefined (0 events):
No events

Internal exceptions (15 events):
Event: 0.235 Thread 0x0000027d83658350 Exception <a 'java/lang/NoSuchMethodError'{0x00000000cc5379f0}: 'void java.lang.invoke.DirectMethodHandle$Holder.invokeStatic(java.lang.Object, java.lang.Object, java.lang.Object)'> (0x00000000cc5379f0) 
thrown [s\open\src\hotspot\share\interpreter\linkResolver.cpp, line 773]
Event: 0.248 Thread 0x0000027d83658350 Exception <a 'java/lang/NoSuchMethodError'{0x00000000cc54f1b8}: 'java.lang.Object java.lang.invoke.Invokers$Holder.invokeExact_MT(java.lang.Object, java.lang.Object, java.lang.Object, java.lang.Object, java.lang.Object)'> (0x00000000cc54f1b8) 
thrown [s\open\src\hotspot\share\interpreter\linkResolver.cpp, line 773]
Event: 0.297 Thread 0x0000027ddf3944a0 Exception <a 'java/lang/NoSuchMethodError'{0x00000000cc58e7f0}: 'void java.lang.invoke.DirectMethodHandle$Holder.invokeStatic(java.lang.Object, java.lang.Object)'> (0x00000000cc58e7f0) 
thrown [s\open\src\hotspot\share\interpreter\linkResolver.cpp, line 773]
Event: 0.326 Thread 0x0000027d83658350 Exception <a 'java/lang/ClassNotFoundException'{0x00000000cc570570}: sun/awt/resources/spi/awtProvider> (0x00000000cc570570) 
thrown [s\open\src\hotspot\share\classfile\systemDictionary.cpp, line 312]
Event: 0.465 Thread 0x0000027d83658350 Exception <a 'java/io/FileNotFoundException'{0x00000000cc405b80}> (0x00000000cc405b80) 
thrown [s\open\src\hotspot\share\prims\jni.cpp, line 520]
Event: 0.517 Thread 0x0000027d83658350 Exception <a 'java/io/FileNotFoundException'{0x00000000cc42f988}> (0x00000000cc42f988) 
thrown [s\open\src\hotspot\share\prims\jni.cpp, line 520]
Event: 1.202 Thread 0x0000027d83658350 Exception <a 'java/lang/NoSuchMethodError'{0x00000000cc4bbf90}: 'void java.lang.invoke.DirectMethodHandle$Holder.invokeSpecial(java.lang.Object, java.lang.Object, java.lang.Object)'> (0x00000000cc4bbf90) 
thrown [s\open\src\hotspot\share\interpreter\linkResolver.cpp, line 773]
Event: 1.223 Thread 0x0000027d83658350 Exception <a 'java/lang/NoSuchMethodError'{0x00000000cc35c190}: 'java.lang.Object java.lang.invoke.DirectMethodHandle$Holder.newInvokeSpecial(java.lang.Object, java.lang.Object, java.lang.Object, java.lang.Object, java.lang.Object)'> (0x00000000cc35c190) 
thrown [s\open\src\hotspot\share\interpreter\linkResolver.cpp, line 773]
Event: 1.235 Thread 0x0000027d83658350 Exception <a 'java/lang/NoSuchMethodError'{0x00000000cc387e78}: 'java.lang.Object java.lang.invoke.DirectMethodHandle$Holder.invokeStatic(java.lang.Object, int, java.lang.Object)'> (0x00000000cc387e78) 
thrown [s\open\src\hotspot\share\interpreter\linkResolver.cpp, line 773]
Event: 1.322 Thread 0x0000027d83658350 Exception <a 'java/lang/ClassNotFoundException'{0x00000000cc227648}: com/sun/swing/internal/plaf/metal/resources/spi/metalProvider> (0x00000000cc227648) 
thrown [s\open\src\hotspot\share\classfile\systemDictionary.cpp, line 312]
Event: 1.327 Thread 0x0000027d83658350 Exception <a 'java/lang/ClassNotFoundException'{0x00000000cc22b558}: com/sun/swing/internal/plaf/basic/resources/spi/basicProvider> (0x00000000cc22b558) 
thrown [s\open\src\hotspot\share\classfile\systemDictionary.cpp, line 312]
Event: 1.371 Thread 0x0000027d83658350 Exception <a 'java/lang/NoSuchMethodError'{0x00000000cc2478d8}: 'int java.lang.invoke.Invokers$Holder.invokeExact_MT(java.lang.Object, java.lang.Object)'> (0x00000000cc2478d8) 
thrown [s\open\src\hotspot\share\interpreter\linkResolver.cpp, line 773]
Event: 1.608 Thread 0x0000027de844abf0 Exception <a 'java/lang/NoSuchMethodError'{0x00000000cc039440}: 'java.lang.Object java.lang.invoke.DirectMethodHandle$Holder.newInvokeSpecial(java.lang.Object, java.lang.Object, java.lang.Object, int, int, int, int, int)'> (0x00000000cc039440) 
thrown [s\open\src\hotspot\share\interpreter\linkResolver.cpp, line 773]
Event: 3.144 Thread 0x0000027ddf497760 Exception <a 'java/lang/NoSuchMethodError'{0x00000000cc12e2e0}: 'void java.lang.invoke.DirectMethodHandle$Holder.invokeVirtual(java.lang.Object, java.lang.Object)'> (0x00000000cc12e2e0) 
thrown [s\open\src\hotspot\share\interpreter\linkResolver.cpp, line 773]
Event: 3.210 Thread 0x0000027d83658350 Exception <a 'java/lang/NoSuchMethodError'{0x00000000cc162718}: 'void java.lang.invoke.DirectMethodHandle$Holder.invokeStaticInit(java.lang.Object)'> (0x00000000cc162718) 
thrown [s\open\src\hotspot\share\interpreter\linkResolver.cpp, line 773]

ZGC Phase Switch (0 events):
No events

VM Operations (16 events):
Event: 0.160 Executing VM operation: HandshakeAllThreads (Deoptimize)
Event: 0.160 Executing VM operation: HandshakeAllThreads (Deoptimize) done
Event: 0.552 Executing VM operation: HandshakeAllThreads (Deoptimize)
Event: 0.552 Executing VM operation: HandshakeAllThreads (Deoptimize) done
Event: 1.380 Executing VM operation: HandshakeAllThreads (Deoptimize)
Event: 1.380 Executing VM operation: HandshakeAllThreads (Deoptimize) done
Event: 1.380 Executing VM operation: Cleanup
Event: 1.380 Executing VM operation: Cleanup done
Event: 1.561 Executing VM operation: HandshakeAllThreads (Deoptimize)
Event: 1.561 Executing VM operation: HandshakeAllThreads (Deoptimize) done
Event: 2.560 Executing VM operation: Cleanup
Event: 2.561 Executing VM operation: Cleanup done
Event: 2.689 Executing VM operation: G1CollectForAllocation (G1 Evacuation Pause)
Event: 2.744 Executing VM operation: G1CollectForAllocation (G1 Evacuation Pause) done
Event: 3.744 Executing VM operation: Cleanup
Event: 3.744 Executing VM operation: Cleanup done

Events (20 events):
Event: 0.087 Thread 0x0000027ddf144e70 Thread added: 0x0000027ddf144e70
Event: 0.087 Thread 0x0000027ddf145fb0 Thread added: 0x0000027ddf145fb0
Event: 0.087 Thread 0x0000027ddf14c780 Thread added: 0x0000027ddf14c780
Event: 0.139 Thread 0x0000027ddf231090 Thread added: 0x0000027ddf231090
Event: 0.269 Thread 0x0000027ddf3944a0 Thread added: 0x0000027ddf3944a0
Event: 0.269 Thread 0x0000027ddf394b10 Thread added: 0x0000027ddf394b10
Event: 0.720 Thread 0x0000027ddf48c840 Thread added: 0x0000027ddf48c840
Event: 0.729 Thread 0x0000027ddf48eec0 Thread added: 0x0000027ddf48eec0
Event: 0.747 Thread 0x0000027ddf497760 Thread added: 0x0000027ddf497760
Event: 1.408 Thread 0x0000027de844abf0 Thread added: 0x0000027de844abf0
Event: 1.889 Thread 0x0000027de84f92a0 Thread added: 0x0000027de84f92a0
Event: 2.135 Thread 0x0000027ddf48eec0 Thread exited: 0x0000027ddf48eec0
Event: 3.099 Thread 0x0000027de93986a0 Thread added: 0x0000027de93986a0
Event: 3.101 Thread 0x0000027de937b3a0 Thread added: 0x0000027de937b3a0
Event: 3.113 Thread 0x0000027de8783970 Thread added: 0x0000027de8783970
Event: 3.126 Thread 0x0000027de87ba080 Thread added: 0x0000027de87ba080
Event: 3.417 Thread 0x0000027d83658350 Thread exited: 0x0000027d83658350
Event: 3.417 Thread 0x0000027de88aa340 Thread added: 0x0000027de88aa340
Event: 3.437 Thread 0x0000027de88aa9d0 Thread added: 0x0000027de88aa9d0
Event: 3.491 Thread 0x0000027de93986a0 Thread exited: 0x0000027de93986a0


Dynamic libraries:
0x00007ff6f6810000 - 0x00007ff6f6820000 	C:\Program Files\Java\jdk-21\bin\java.exe
0x00007ffcae490000 - 0x00007ffcae6a6000 	C:\WINDOWS\SYSTEM32\ntdll.dll
0x00007ffcacf20000 - 0x00007ffcacfe4000 	C:\WINDOWS\System32\KERNEL32.DLL
0x00007ffcab8f0000 - 0x00007ffcabc96000 	C:\WINDOWS\System32\KERNELBASE.dll
0x00007ffca8840000 - 0x00007ffca88d7000 	C:\WINDOWS\SYSTEM32\apphelp.dll
0x00007ffcabf30000 - 0x00007ffcac041000 	C:\WINDOWS\System32\ucrtbase.dll
0x00007ffc90690000 - 0x00007ffc906ab000 	C:\Program Files\Java\jdk-21\bin\VCRUNTIME140.dll
0x00007ffc8f740000 - 0x00007ffc8f759000 	C:\Program Files\Java\jdk-21\bin\jli.dll
0x00007ffcadee0000 - 0x00007ffcadf92000 	C:\WINDOWS\System32\ADVAPI32.dll
0x00007ffcad7a0000 - 0x00007ffcad847000 	C:\WINDOWS\System32\msvcrt.dll
0x00007ffcadfe0000 - 0x00007ffcae088000 	C:\WINDOWS\System32\sechost.dll
0x00007ffcabd90000 - 0x00007ffcabdb8000 	C:\WINDOWS\System32\bcrypt.dll
0x00007ffcae090000 - 0x00007ffcae1a5000 	C:\WINDOWS\System32\RPCRT4.dll
0x00007ffcacff0000 - 0x00007ffcad19d000 	C:\WINDOWS\System32\USER32.dll
0x00007ffcabca0000 - 0x00007ffcabcc6000 	C:\WINDOWS\System32\win32u.dll
0x00007ffc9ba40000 - 0x00007ffc9bcd3000 	C:\WINDOWS\WinSxS\amd64_microsoft.windows.common-controls_6595b64144ccf1df_6.0.22621.3235_none_270f74e173860f98\COMCTL32.dll
0x00007ffcadfb0000 - 0x00007ffcadfd9000 	C:\WINDOWS\System32\GDI32.dll
0x00007ffcac0c0000 - 0x00007ffcac1d8000 	C:\WINDOWS\System32\gdi32full.dll
0x00007ffcab850000 - 0x00007ffcab8ea000 	C:\WINDOWS\System32\msvcp_win.dll
0x00007ffca2b90000 - 0x00007ffca2b9a000 	C:\WINDOWS\SYSTEM32\VERSION.dll
0x00007ffcadea0000 - 0x00007ffcaded1000 	C:\WINDOWS\System32\IMM32.DLL
0x00007ffc9a1a0000 - 0x00007ffc9a1ac000 	C:\Program Files\Java\jdk-21\bin\vcruntime140_1.dll
0x00007ffc7d9c0000 - 0x00007ffc7da4e000 	C:\Program Files\Java\jdk-21\bin\msvcp140.dll
0x00007ffc74000000 - 0x00007ffc74d17000 	C:\Program Files\Java\jdk-21\bin\server\jvm.dll
0x00007ffcae320000 - 0x00007ffcae391000 	C:\WINDOWS\System32\WS2_32.dll
0x00007ffcab6a0000 - 0x00007ffcab6ed000 	C:\WINDOWS\SYSTEM32\POWRPROF.dll
0x00007ffca2ba0000 - 0x00007ffca2bd4000 	C:\WINDOWS\SYSTEM32\WINMM.dll
0x00007ffcab680000 - 0x00007ffcab693000 	C:\WINDOWS\SYSTEM32\UMPDC.dll
0x00007ffcaa810000 - 0x00007ffcaa828000 	C:\WINDOWS\SYSTEM32\kernel.appcore.dll
0x00007ffc940f0000 - 0x00007ffc940fa000 	C:\Program Files\Java\jdk-21\bin\jimage.dll
0x00007ffc97af0000 - 0x00007ffc97d23000 	C:\WINDOWS\SYSTEM32\DBGHELP.DLL
0x00007ffcac1e0000 - 0x00007ffcac568000 	C:\WINDOWS\System32\combase.dll
0x00007ffcae1b0000 - 0x00007ffcae287000 	C:\WINDOWS\System32\OLEAUT32.dll
0x00007ffc91630000 - 0x00007ffc91662000 	C:\WINDOWS\SYSTEM32\dbgcore.DLL
0x00007ffcab7d0000 - 0x00007ffcab84a000 	C:\WINDOWS\System32\bcryptPrimitives.dll
0x00007ffc90d70000 - 0x00007ffc90d7f000 	C:\Program Files\Java\jdk-21\bin\instrument.dll
0x00007ffc8dd30000 - 0x00007ffc8dd4f000 	C:\Program Files\Java\jdk-21\bin\java.dll
0x00007ffcac6c0000 - 0x00007ffcacf1d000 	C:\WINDOWS\System32\SHELL32.dll
0x00007ffca9730000 - 0x00007ffcaa028000 	C:\WINDOWS\SYSTEM32\windows.storage.dll
0x00007ffca95f0000 - 0x00007ffca972e000 	C:\WINDOWS\SYSTEM32\wintypes.dll
0x00007ffcac5c0000 - 0x00007ffcac6b3000 	C:\WINDOWS\System32\SHCORE.dll
0x00007ffcad1a0000 - 0x00007ffcad1fe000 	C:\WINDOWS\System32\shlwapi.dll
0x00007ffcab700000 - 0x00007ffcab726000 	C:\WINDOWS\SYSTEM32\profapi.dll
0x00007ffc7c660000 - 0x00007ffc7c737000 	C:\Program Files\Java\jdk-21\bin\jsvml.dll
0x00007ffc8acf0000 - 0x00007ffc8ad08000 	C:\Program Files\Java\jdk-21\bin\zip.dll
0x00007ffc910f0000 - 0x00007ffc91100000 	C:\Program Files\Java\jdk-21\bin\net.dll
0x00007ffca37a0000 - 0x00007ffca38d7000 	C:\WINDOWS\SYSTEM32\WINHTTP.dll
0x00007ffcaac90000 - 0x00007ffcaacf9000 	C:\WINDOWS\system32\mswsock.dll
0x00007ffc8bb10000 - 0x00007ffc8bb26000 	C:\Program Files\Java\jdk-21\bin\nio.dll
0x00007ffc8a8e0000 - 0x00007ffc8a8fa000 	C:\Program Files\JetBrains\IntelliJ IDEA Community Edition 2024.1\bin\breakgen64.dll
0x00007ffc90700000 - 0x00007ffc90709000 	C:\Program Files\Java\jdk-21\bin\extnet.dll
0x00007ffc7be40000 - 0x00007ffc7bfcf000 	C:\Program Files\Java\jdk-21\bin\awt.dll
0x00007ffca8e40000 - 0x00007ffca8e6b000 	C:\WINDOWS\system32\DWMAPI.DLL
0x00007ffca8a10000 - 0x00007ffca8abb000 	C:\WINDOWS\system32\uxtheme.dll
0x00007ffc65130000 - 0x00007ffc65230000 	C:\WINDOWS\system32\opengl32.dll
0x00007ffc65070000 - 0x00007ffc6509d000 	C:\WINDOWS\SYSTEM32\GLU32.dll
0x00007ffca8b10000 - 0x00007ffca8b49000 	C:\WINDOWS\SYSTEM32\dxcore.dll
0x00007ffcad560000 - 0x00007ffcad6b4000 	C:\WINDOWS\System32\MSCTF.dll
0x00007ffcad3c0000 - 0x00007ffcad55f000 	C:\WINDOWS\System32\ole32.dll
0x00007ffc630a0000 - 0x00007ffc63249000 	C:\WINDOWS\system32\d3d9.dll
0x00007ffca2be0000 - 0x00007ffca2dbb000 	C:\Windows\System32\DriverStore\FileRepository\u0357391.inf_amd64_623c134c11eca761\B356989\aticfx64.dll
0x00007ffc5c940000 - 0x00007ffc5c973000 	C:\Windows\System32\DriverStore\FileRepository\u0357391.inf_amd64_623c134c11eca761\B356989\atiu9p64.dll
0x00007ffc5ba30000 - 0x00007ffc5c6c6000 	C:\Windows\System32\DriverStore\FileRepository\u0357391.inf_amd64_623c134c11eca761\B356989\atiumd64.dll
0x000000006e820000 - 0x000000006f69d000 	C:\WINDOWS\System32\DriverStore\FileRepository\u0357391.inf_amd64_623c134c11eca761\B356989\atiumd6a.dll
0x00007ffca2640000 - 0x00007ffca266f000 	C:\WINDOWS\SYSTEM32\amdihk64.dll
0x00007ffca5a00000 - 0x00007ffca5a4a000 	C:\WINDOWS\SYSTEM32\directxdatabasehelper.dll
0x00007ffc7c5d0000 - 0x00007ffc7c657000 	C:\Program Files\Java\jdk-21\bin\freetype.dll
0x00007ffc7aeb0000 - 0x00007ffc7af92000 	C:\Program Files\Java\jdk-21\bin\fontmanager.dll
0x00007ffc9eca0000 - 0x00007ffc9edea000 	C:\WINDOWS\SYSTEM32\textinputframework.dll

dbghelp: loaded successfully - version: 4.0.5 - missing functions: none
symbol engine: initialized successfully - sym options: 0x614 - pdb path: .;C:\Program Files\Java\jdk-21\bin;C:\WINDOWS\SYSTEM32;C:\WINDOWS\WinSxS\amd64_microsoft.windows.common-controls_6595b64144ccf1df_6.0.22621.3235_none_270f74e173860f98;C:\Program Files\Java\jdk-21\bin\server;C:\Program Files\JetBrains\IntelliJ IDEA Community Edition 2024.1\bin;C:\Windows\System32\DriverStore\FileRepository\u0357391.inf_amd64_623c134c11eca761\B356989

VM Arguments:
jvm_args: -javaagent:C:\Program Files\JetBrains\IntelliJ IDEA Community Edition 2024.1\lib\idea_rt.jar=51621:C:\Program Files\JetBrains\IntelliJ IDEA Community Edition 2024.1\bin -Dfile.encoding=UTF-8 -Dsun.stdout.encoding=UTF-8 -Dsun.stderr.encoding=UTF-8 
java_command: App
java_class_path (initial): C:\Users\acer\IdeaProjects\FlappyBird\out\production\FlappyBird
Launcher Type: SUN_STANDARD

[Global flags]
     intx CICompilerCount                          = 3                                         {product} {ergonomic}
     uint ConcGCThreads                            = 1                                         {product} {ergonomic}
     uint G1ConcRefinementThreads                  = 4                                         {product} {ergonomic}
   size_t G1HeapRegionSize                         = 1048576                                   {product} {ergonomic}
    uintx GCDrainStackTargetSize                   = 64                                        {product} {ergonomic}
   size_t InitialHeapSize                          = 58720256                                  {product} {ergonomic}
   size_t MarkStackSize                            = 4194304                                   {product} {ergonomic}
   size_t MaxHeapSize                              = 922746880                                 {product} {ergonomic}
   size_t MaxNewSize                               = 553648128                                 {product} {ergonomic}
   size_t MinHeapDeltaBytes                        = 1048576                                   {product} {ergonomic}
   size_t MinHeapSize                              = 8388608                                   {product} {ergonomic}
    uintx NonNMethodCodeHeapSize                   = 5832780                                {pd product} {ergonomic}
    uintx NonProfiledCodeHeapSize                  = 122912730                              {pd product} {ergonomic}
    uintx ProfiledCodeHeapSize                     = 122912730                              {pd product} {ergonomic}
    uintx ReservedCodeCacheSize                    = 251658240                              {pd product} {ergonomic}
     bool SegmentedCodeCache                       = true                                      {product} {ergonomic}
   size_t SoftMaxHeapSize                          = 922746880                              {manageable} {ergonomic}
     bool UseCompressedOops                        = true                           {product lp64_product} {ergonomic}
     bool UseG1GC                                  = true                                      {product} {ergonomic}
     bool UseLargePagesIndividualAllocation        = false                                  {pd product} {ergonomic}

Logging:
Log output configuration:
 #0: stdout all=warning uptime,level,tags foldmultilines=false
 #1: stderr all=off uptime,level,tags foldmultilines=false

Environment Variables:
PATH=C:\Program Files\Common Files\Oracle\Java\javapath;C:\Python311\Scripts\;C:\Python311\;C:\WINDOWS\system32;C:\WINDOWS;C:\WINDOWS\System32\Wbem;C:\WINDOWS\System32\WindowsPowerShell\v1.0\;C:\WINDOWS\System32\OpenSSH\;C:\Program Files\nodejs\;C:\ProgramData\chocolatey\bin;c:\altera\90sp2\quartus\bin;C:\MinGW\bin;C:\Program Files\Git\cmd;C:\xampp\php;C:\Users\acer\AppData\Local\Programs\Microsoft VS Code\bin;C:\Users\acer\AppData\Roaming\npm;C:\Program Files\R\R-4.3.1\bin;D:\JASMINE\college\kuliah\sem 3\grafikom\compiler\mingw64\bin;C:\Users\acer\AppData\Local\spicetify;C:\msys64\ucrt64\bin;C:\Flutter\flutter\bin;C:\Users\acer\AppData\Local\Android\Sdk;C:\Users\acer\AppData\Local\Android\Sdk\platform-tools;;C:\Program Files\JetBrains\IntelliJ IDEA 2023.3.4\bin;
USERNAME=acer
OS=Windows_NT
PROCESSOR_IDENTIFIER=AMD64 Family 23 Model 24 Stepping 1, AuthenticAMD
TMP=C:\Users\acer\AppData\Local\Temp
TEMP=C:\Users\acer\AppData\Local\Temp




Periodic native trim disabled

---------------  S Y S T E M  ---------------

OS:
 Windows 11 , 64 bit Build 22621 (10.0.22621.3235)
OS uptime: 10 days 1:22 hours

CPU: total 4 (initial active 4) (4 cores per cpu, 2 threads per core) family 23 model 24 stepping 1 microcode 0x0, cx8, cmov, fxsr, ht, mmx, 3dnowpref, sse, sse2, sse3, ssse3, sse4a, sse4.1, sse4.2, popcnt, lzcnt, tsc, tscinvbit, avx, avx2, aes, clmul, bmi1, bmi2, adx, sha, fma, vzeroupper, clflush, clflushopt, rdtscp, f16c
Processor Information for all 4 processors :
  Max Mhz: 2400, Current Mhz: 2400, Mhz Limit: 2400

Memory: 4k page, system-wide physical 3514M (302M free)
TotalPageFile size 14266M (AvailPageFile size 9M)
current process WorkingSet (physical memory assigned to process): 109M, peak: 109M
current process commit charge ("private bytes"): 172M, peak: 172M

vm_info: Java HotSpot(TM) 64-Bit Server VM (21.0.2+13-LTS-58) for windows-amd64 JRE (21.0.2+13-LTS-58), built on 2024-01-05T18:32:24Z by "mach5one" with MS VC++ 17.1 (VS2022)

END.
